<?xml version="1.0" encoding="UTF-8"?>
<!-- Generated by org.testng.reporters.JUnitReportReporter -->
<testsuite hostname="LAPTOP-611D89O7" failures="0" tests="3" name="testNgStudy.TestngEbay" time="0.003" errors="0" timestamp="2023-06-19T10:09:45 BST" skipped="0">
  <testcase classname="testNgStudy.TestngEbay" name="ValidatePassword" time="0.001"/>
  <testcase classname="testNgStudy.TestngEbay" name="ValidateEmail" time="0.001"/>
  <testcase classname="testNgStudy.TestngEbay" name="SearchItem" time="0.001"/>
  <system-out>
    <![CDATA[lounch the url
Signin to my ebay account
Add summer dress in the busket
signout the account
Signin to my ebay account
search dress
signout the account
Lounch the browser
login to NationwideBank
Validate account balance
Log out the account
close the browser
myMethod2 is running
myMethod3 is running
myMethod4 is running
myMethod1 is running]]>
  </system-out>
</testsuite> <!-- testNgStudy.TestngEbay -->
