<?xml version="1.0" encoding="UTF-8"?>
<!-- Generated by org.testng.reporters.JUnitReportReporter -->
<testsuite hostname="LAPTOP-611D89O7" failures="0" tests="2" name="testNgStudy.NewTest1" time="0.010" errors="0" timestamp="2023-06-19T10:10:42 BST" skipped="0">
  <testcase classname="testNgStudy.NewTest1" name="SearchIteam" time="0.002">
    <system-out>
      <![CDATA[search dress]]>
    </system-out>
  </testcase> <!-- SearchIteam -->
  <testcase classname="testNgStudy.NewTest1" name="AddIteamBusket" time="0.008">
    <system-out>
      <![CDATA[Add summer dress in the busket]]>
    </system-out>
  </testcase> <!-- AddIteamBusket -->
  <system-out>
    <![CDATA[lounch the url
Signin to my ebay account
Add summer dress in the busket
signout the account
Signin to my ebay account
search dress
signout the account]]>
  </system-out>
</testsuite> <!-- testNgStudy.NewTest1 -->
