<?xml version="1.0" encoding="UTF-8"?>
<!-- Generated by org.testng.reporters.JUnitReportReporter -->
<testsuite hostname="LAPTOP-611D89O7" failures="0" tests="5" name="testNgStudy.my1stTestNgProg" time="7.312" errors="0" timestamp="2023-06-19T10:09:45 BST" skipped="0">
  <testcase classname="testNgStudy.my1stTestNgProg" name="MyMethod3" time="0.001">
    <system-out>
      <![CDATA[myMethod3 is running]]>
    </system-out>
  </testcase> <!-- MyMethod3 -->
  <testcase classname="testNgStudy.my1stTestNgProg" name="myMethod" time="7.308"/>
  <testcase classname="testNgStudy.my1stTestNgProg" name="MyMethod4" time="0.001">
    <system-out>
      <![CDATA[myMethod4 is running]]>
    </system-out>
  </testcase> <!-- MyMethod4 -->
  <testcase classname="testNgStudy.my1stTestNgProg" name="myMethod1" time="0.001">
    <system-out>
      <![CDATA[myMethod1 is running]]>
    </system-out>
  </testcase> <!-- myMethod1 -->
  <testcase classname="testNgStudy.my1stTestNgProg" name="MyMethod2" time="0.001">
    <system-out>
      <![CDATA[myMethod2 is running]]>
    </system-out>
  </testcase> <!-- MyMethod2 -->
  <system-out>
    <![CDATA[lounch the url
Signin to my ebay account
Add summer dress in the busket
signout the account
Signin to my ebay account
search dress
signout the account
Lounch the browser
login to NationwideBank
Validate account balance
Log out the account
close the browser
myMethod2 is running
myMethod3 is running
myMethod4 is running
myMethod1 is running]]>
  </system-out>
</testsuite> <!-- testNgStudy.my1stTestNgProg -->
